<?xml version="1.0" encoding="UTF-8"?>
<!-- Generated by org.testng.reporters.JUnitXMLReporter -->
<testsuite ignored="0" hostname="APH10172" failures="0" tests="6" name="Default test" time="17.074" errors="0" timestamp="2022-10-31T14:52:34 IST">
  <testcase classname="com.scripts.jpet.JpetScript3" name="Fun_JpetInvoke" time="3.203"/>
  <testcase classname="com.scripts.jpet.JpetScript3" name="Fun_JpetClickSignin" time="2.254"/>
  <testcase classname="com.scripts.jpet.JpetScript3" name="Fun_Enter_UserName" time="2.107"/>
  <testcase classname="com.scripts.jpet.JpetScript3" name="Fun_Enter_Password" time="2.096"/>
  <testcase classname="com.scripts.jpet.JpetScript3" name="Fun_Click_Signon" time="2.291"/>
  <testcase classname="com.scripts.jpet.JpetScript3" name="displayString" time="0.003"/>
</testsuite> <!-- Default test -->
