<?xml version="1.0" encoding="UTF-8"?>
<!-- Generated by org.testng.reporters.JUnitXMLReporter -->
<testsuite ignored="0" hostname="APH10172" failures="0" tests="6" name="Default test" time="15.188" errors="0" timestamp="2022-10-31T12:21:40 IST">
  <testcase classname="com.scripts.jpet.JpetScript3" name="Fun_JpetInvoke" time="3.067"/>
  <testcase classname="com.scripts.jpet.JpetScript3" name="Fun_JpetClickSignin" time="2.227"/>
  <testcase classname="com.scripts.jpet.JpetScript3" name="Fun_Enter_UserName" time="2.071"/>
  <testcase classname="com.scripts.jpet.JpetScript3" name="Fun_Enter_Password" time="2.049"/>
  <testcase classname="com.scripts.jpet.JpetScript3" name="Fun_Click_Signon" time="2.232"/>
  <testcase classname="com.scripts.jpet.JpetScript3" name="displayString" time="0.002"/>
</testsuite> <!-- Default test -->
