<?xml version="1.0" encoding="UTF-8"?>
<!-- Generated by org.testng.reporters.JUnitXMLReporter -->
<testsuite ignored="1" hostname="APH10172" failures="1" tests="9" name="Test" time="14.838" errors="0" timestamp="2022-10-31T10:05:13 IST">
  <testcase classname="com.testng.scripts.TC001" name="funMethod2" time="0.006"/>
  <testcase classname="com.testng.scripts.TC001" name="funMethod1" time="0.001"/>
  <testcase classname="com.scripts.jpet.JpetScript" name="Fun_JpetInvoke" time="2.885"/>
  <testcase classname="com.scripts.jpet.JpetScript" name="Fun_JpetClickSignin" time="2.251"/>
  <testcase classname="com.scripts.jpet.JpetScript" name="Fun_Enter_UserName" time="2.065"/>
  <testcase classname="com.scripts.jpet.JpetScript" name="Fun_Enter_Password" time="2.061"/>
  <testcase classname="com.scripts.jpet.JpetScript" name="Fun_Click_Signon" time="2.253"/>
  <testcase classname="com.scripts.jpet.JpetScript" name="displayString" time="0.002">
    <failure type="java.lang.Error" message="Unresolved compilation problem: 
	Syntax error on token &amp;quot;,&amp;quot;, . expected
">
      <![CDATA[java.lang.Error: Unresolved compilation problem: 
Syntax error on token ",", . expected

at com.scripts.jpet.JpetScript.displayString(JpetScript.java:54)
at java.base/java.util.ArrayList.forEach(ArrayList.java:1511)
... Removed 27 stack frames]]>
    </failure>
  </testcase> <!-- displayString -->
  <testcase classname="com.scripts.jpet.JpetScript2" name="f" time="0.001"/>
  <testcase classname="com.testng.scripts.TC001" name="funMethodignored" time="0.0">
    <ignored/>
  </testcase> <!-- funMethodignored -->
</testsuite> <!-- Test -->
