<?xml version="1.0" encoding="UTF-8"?>
<!-- Generated by org.testng.reporters.JUnitXMLReporter -->
<testsuite ignored="1" hostname="APH10172" failures="0" tests="5" name="Default test(failed)" time="14.761" errors="0" timestamp="2022-10-31T09:59:20 IST">
  <testcase classname="com.scripts.jpet.JpetScript" name="Fun_JpetInvoke" time="2.915"/>
  <testcase classname="com.scripts.jpet.JpetScript" name="Fun_JpetClickSignin" time="2.228"/>
  <testcase classname="com.scripts.jpet.JpetScript" name="Fun_Enter_UserName" time="2.058"/>
  <testcase classname="com.scripts.jpet.JpetScript" name="Fun_Enter_Password" time="2.044"/>
  <testcase classname="com.scripts.jpet.JpetScript" name="Fun_Click_Signon" time="2.246"/>
  <testcase classname="com.scripts.jpet.JpetScript" name="displayString" time="0.0">
    <ignored/>
  </testcase> <!-- displayString -->
</testsuite> <!-- Default test(failed) -->
